<?xml version="1.0" encoding="UTF-8"?>
<!-- Generated by org.testng.reporters.JUnitReportReporter -->
<testsuite hostname="DESKTOP-SR6VTH5" failures="0" tests="1" name="Sln.TestNG6" time="13.275" errors="0" timestamp="2021-09-20T16:31:32 IST" skipped="0">
  <testcase classname="Sln.TestNG6" name="Action" time="13.275"/>
  <system-out/>
</testsuite> <!-- Sln.TestNG6 -->
