<?xml version="1.0" encoding="UTF-8"?>
<!-- Generated by org.testng.reporters.JUnitReportReporter -->
<testsuite hostname="DESKTOP-SR6VTH5" failures="0" tests="1" name="BatchTesting.paymentReturns" time="0.001" errors="0" timestamp="2025-05-05T23:59:33 IST" skipped="0">
  <testcase classname="BatchTesting.paymentReturns" name="paymentReturnByBank" time="0.001"/>
  <system-out/>
</testsuite> <!-- BatchTesting.paymentReturns -->
