<?xml version="1.0" encoding="UTF-8"?>
<!-- Generated by org.testng.reporters.JUnitReportReporter -->
<testsuite hostname="DESKTOP-SR6VTH5" failures="0" tests="3" name="TestNewGeneration.Demo4" time="0.012" errors="0" timestamp="2025-05-04T03:52:23 IST" skipped="0">
  <testcase classname="TestNewGeneration.Demo4" name="SentItems" time="0.002"/>
  <system-out>
    <![CDATA[Sent Items]]>
  </system-out>
  <testcase classname="TestNewGeneration.Demo4" name="Trash" time="0.002"/>
  <system-out>
    <![CDATA[Trash]]>
  </system-out>
  <testcase classname="TestNewGeneration.Demo4" name="Compose" time="0.008"/>
  <system-out>
    <![CDATA[Compose]]>
  </system-out>
</testsuite> <!-- TestNewGeneration.Demo4 -->
