<?xml version="1.0" encoding="UTF-8"?>
<!-- Generated by org.testng.reporters.JUnitReportReporter -->
<testsuite hostname="DESKTOP-SR6VTH5" failures="0" tests="1" name="Sln.POM6" time="5.130" errors="0" timestamp="2021-09-21T12:30:45 IST" skipped="0">
  <testcase classname="Sln.POM6" name="Login" time="5.130"/>
  <system-out/>
</testsuite> <!-- Sln.POM6 -->
