<?xml version="1.0" encoding="UTF-8"?>
<!-- Generated by org.testng.reporters.JUnitReportReporter -->
<testsuite hostname="DESKTOP-SR6VTH5" failures="0" tests="1" name="Practice.TestNG6" time="10.163" errors="0" timestamp="2021-10-18T12:50:49 IST" skipped="0">
  <testcase classname="Practice.TestNG6" name="login" time="10.163"/>
  <system-out/>
</testsuite> <!-- Practice.TestNG6 -->
