<?xml version="1.0" encoding="UTF-8"?>
<!-- Generated by org.testng.reporters.JUnitReportReporter -->
<testsuite hostname="DESKTOP-SR6VTH5" failures="0" tests="1" name="Sln.TestNG7" time="11.038" errors="0" timestamp="2021-09-20T16:46:04 IST" skipped="0">
  <testcase classname="Sln.TestNG7" name="Action" time="11.038"/>
  <system-out/>
</testsuite> <!-- Sln.TestNG7 -->
