<?xml version="1.0" encoding="UTF-8"?>
<!-- Generated by org.testng.reporters.JUnitReportReporter -->
<testsuite hostname="DESKTOP-SR6VTH5" failures="0" tests="3" name="Sln.TestNG3" time="0.018" errors="0" timestamp="2021-09-20T14:22:35 IST" skipped="0">
  <testcase classname="Sln.TestNG3" name="Test1" time="0.011"/>
  <system-out>
    <![CDATA[1]]>
  </system-out>
  <testcase classname="Sln.TestNG3" name="Test1" time="0.005"/>
  <system-out>
    <![CDATA[1]]>
  </system-out>
  <testcase classname="Sln.TestNG3" name="Test1" time="0.002"/>
  <system-out>
    <![CDATA[1]]>
  </system-out>
</testsuite> <!-- Sln.TestNG3 -->
