<?xml version="1.0" encoding="UTF-8"?>
<!-- Generated by org.testng.reporters.JUnitReportReporter -->
<testsuite hostname="DESKTOP-SR6VTH5" failures="0" tests="3" name="Sln.TestNG4" time="0.013" errors="0" timestamp="2021-09-20T14:27:29 IST" skipped="0">
  <testcase classname="Sln.TestNG4" name="Trash" time="0.002"/>
  <system-out>
    <![CDATA[Trash]]>
  </system-out>
  <testcase classname="Sln.TestNG4" name="SentItems" time="0.002"/>
  <system-out>
    <![CDATA[SentItems]]>
  </system-out>
  <testcase classname="Sln.TestNG4" name="Compose" time="0.009"/>
  <system-out>
    <![CDATA[Compose]]>
  </system-out>
</testsuite> <!-- Sln.TestNG4 -->
