<?xml version="1.0" encoding="UTF-8"?>
<!-- Generated by org.testng.reporters.JUnitReportReporter -->
<testsuite hostname="DESKTOP-SR6VTH5" failures="0" tests="1" name="Sln.POM4" time="14.078" errors="0" timestamp="2021-09-21T12:15:54 IST" skipped="0">
  <testcase classname="Sln.POM4" name="hello" time="14.078"/>
  <system-out/>
</testsuite> <!-- Sln.POM4 -->
