<?xml version="1.0" encoding="UTF-8"?>
<!-- Generated by org.testng.reporters.JUnitReportReporter -->
<testsuite hostname="DESKTOP-SR6VTH5" failures="0" tests="3" name="Practice.TestNG4" time="0.015" errors="0" timestamp="2021-10-17T15:47:48 IST" skipped="0">
  <testcase classname="Practice.TestNG4" name="Compose" time="0.012"/>
  <system-out>
    <![CDATA[Compose]]>
  </system-out>
  <testcase classname="Practice.TestNG4" name="SentItems" time="0.002"/>
  <system-out>
    <![CDATA[SentItems]]>
  </system-out>
  <testcase classname="Practice.TestNG4" name="Trash" time="0.001"/>
  <system-out>
    <![CDATA[Trash]]>
  </system-out>
</testsuite> <!-- Practice.TestNG4 -->
