<?xml version="1.0" encoding="UTF-8"?>
<!-- Generated by org.testng.reporters.JUnitReportReporter -->
<testsuite hostname="DESKTOP-SR6VTH5" failures="0" tests="1" name="Sln.TestNG" time="0.011" errors="0" timestamp="2021-09-20T12:32:47 IST" skipped="0">
  <testcase classname="Sln.TestNG" name="Test" time="0.011"/>
  <system-out>
    <![CDATA[1]]>
  </system-out>
</testsuite> <!-- Sln.TestNG -->
