<?xml version="1.0" encoding="UTF-8"?>
<!-- Generated by org.testng.reporters.JUnitReportReporter -->
<testsuite hostname="DESKTOP-SR6VTH5" failures="0" tests="1" name="Sln.TestNG8" time="6.888" errors="0" timestamp="2021-09-20T16:56:09 IST" skipped="0">
  <testcase classname="Sln.TestNG8" name="Test" time="6.888"/>
  <system-out/>
</testsuite> <!-- Sln.TestNG8 -->
