<?xml version="1.0" encoding="UTF-8"?>
<!-- Generated by org.testng.reporters.JUnitReportReporter -->
<testsuite hostname="DESKTOP-SR6VTH5" failures="0" tests="2" name="TestNewGeneration.Demo2" time="0.011" errors="0" timestamp="2025-05-04T03:46:02 IST" skipped="0">
  <testcase classname="TestNewGeneration.Demo2" name="Test1" time="0.009"/>
  <system-out>
    <![CDATA[1]]>
  </system-out>
  <testcase classname="TestNewGeneration.Demo2" name="Test2" time="0.002"/>
  <system-out>
    <![CDATA[2]]>
  </system-out>
</testsuite> <!-- TestNewGeneration.Demo2 -->
