<?xml version="1.0" encoding="UTF-8"?>
<!-- Generated by org.testng.reporters.JUnitReportReporter -->
<testsuite hostname="DESKTOP-SR6VTH5" failures="0" tests="1" name="Practice.TestNG8" time="5.019" errors="0" timestamp="2021-10-18T13:05:00 IST" skipped="0">
  <testcase classname="Practice.TestNG8" name="login" time="5.019"/>
  <system-out/>
</testsuite> <!-- Practice.TestNG8 -->
