<?xml version="1.0" encoding="UTF-8"?>
<!-- Generated by org.testng.reporters.JUnitReportReporter -->
<testsuite hostname="DESKTOP-SR6VTH5" failures="0" tests="1" name="Sln.PropertyFile1" time="0.009" errors="0" timestamp="2021-09-21T16:04:19 IST" skipped="0">
  <testcase classname="Sln.PropertyFile1" name="test" time="0.009"/>
  <system-out/>
</testsuite> <!-- Sln.PropertyFile1 -->
