<?xml version="1.0" encoding="UTF-8"?>
<!-- Generated by org.testng.reporters.JUnitReportReporter -->
<testsuite hostname="DESKTOP-SR6VTH5" failures="0" tests="3" name="BatchTesting.LoginTest" time="0.011" errors="0" timestamp="2025-05-05T23:59:33 IST" skipped="0">
  <testcase classname="BatchTesting.LoginTest" name="loginByEmail" time="0.009"/>
  <system-out/>
  <testcase classname="BatchTesting.LoginTest" name="loginByTwitter" time="0.001"/>
  <system-out/>
  <testcase classname="BatchTesting.LoginTest" name="loginByFacebook" time="0.001"/>
  <system-out/>
</testsuite> <!-- BatchTesting.LoginTest -->
