<?xml version="1.0" encoding="UTF-8"?>
<!-- Generated by org.testng.reporters.JUnitReportReporter -->
<testsuite hostname="DESKTOP-SR6VTH5" failures="0" tests="2" name="Practice.TestNG1" time="0.014" errors="0" timestamp="2021-10-17T15:36:27 IST" skipped="0">
  <testcase classname="Practice.TestNG1" name="Test1" time="0.012"/>
  <system-out>
    <![CDATA[1]]>
  </system-out>
  <testcase classname="Practice.TestNG1" name="Test2" time="0.002"/>
  <system-out>
    <![CDATA[2]]>
  </system-out>
</testsuite> <!-- Practice.TestNG1 -->
