<?xml version="1.0" encoding="UTF-8"?>
<!-- Generated by org.testng.reporters.JUnitReportReporter -->
<testsuite hostname="DESKTOP-SR6VTH5" failures="0" tests="3" name="BatchTesting.SignUpTest" time="0.004" errors="0" timestamp="2025-05-05T23:59:33 IST" skipped="0">
  <testcase classname="BatchTesting.SignUpTest" name="signUpByEmail" time="0.001"/>
  <system-out/>
  <testcase classname="BatchTesting.SignUpTest" name="signUpByTwitter" time="0.002"/>
  <system-out/>
  <testcase classname="BatchTesting.SignUpTest" name="signUpByFacebook" time="0.001"/>
  <system-out/>
</testsuite> <!-- BatchTesting.SignUpTest -->
