<?xml version="1.0" encoding="UTF-8"?>
<!-- Generated by org.testng.reporters.JUnitReportReporter -->
<testsuite hostname="DESKTOP-SR6VTH5" failures="0" tests="2" name="BatchTesting.paymentTest" time="0.002" errors="0" timestamp="2025-05-05T23:59:33 IST" skipped="0">
  <testcase classname="BatchTesting.paymentTest" name="paymentInDollar" time="0.001"/>
  <system-out/>
  <testcase classname="BatchTesting.paymentTest" name="paymentInRupee" time="0.001"/>
  <system-out/>
</testsuite> <!-- BatchTesting.paymentTest -->
