<?xml version="1.0" encoding="UTF-8"?>
<!-- Generated by org.testng.reporters.JUnitReportReporter -->
<testsuite hostname="DESKTOP-SR6VTH5" failures="0" tests="2" name="TestNewGeneration.Demo1" time="0.018" errors="0" timestamp="2025-05-05T20:18:41 IST" skipped="0">
  <testcase classname="TestNewGeneration.Demo1" name="Test2" time="0.002"/>
  <system-out>
    <![CDATA[2]]>
  </system-out>
  <testcase classname="TestNewGeneration.Demo1" name="Test1" time="0.016"/>
  <system-out>
    <![CDATA[1]]>
  </system-out>
</testsuite> <!-- TestNewGeneration.Demo1 -->
