<?xml version="1.0" encoding="UTF-8"?>
<!-- Generated by org.testng.reporters.JUnitReportReporter -->
<testsuite hostname="DESKTOP-SR6VTH5" failures="0" tests="3" name="Practice.TestNG3" time="0.015" errors="0" timestamp="2021-10-17T15:42:42 IST" skipped="0">
  <testcase classname="Practice.TestNG3" name="Test2" time="0.010"/>
  <system-out>
    <![CDATA[2]]>
  </system-out>
  <testcase classname="Practice.TestNG3" name="Test1" time="0.001"/>
  <system-out>
    <![CDATA[1]]>
  </system-out>
  <testcase classname="Practice.TestNG3" name="Test1" time="0.004"/>
  <system-out>
    <![CDATA[1]]>
  </system-out>
</testsuite> <!-- Practice.TestNG3 -->
