<?xml version="1.0" encoding="UTF-8"?>
<!-- Generated by org.testng.reporters.JUnitReportReporter -->
<testsuite hostname="DESKTOP-SR6VTH5" failures="0" tests="4" name="TestNewGeneration.Demo3" time="0.019" errors="0" timestamp="2025-05-03T20:06:06 IST" skipped="0">
  <testcase classname="TestNewGeneration.Demo3" name="Test2" time="0.014"/>
  <system-out>
    <![CDATA[2]]>
  </system-out>
  <testcase classname="TestNewGeneration.Demo3" name="Test1" time="0.001"/>
  <system-out>
    <![CDATA[1]]>
  </system-out>
  <testcase classname="TestNewGeneration.Demo3" name="Test1" time="0.002"/>
  <system-out>
    <![CDATA[1]]>
  </system-out>
  <testcase classname="TestNewGeneration.Demo3" name="Test1" time="0.002"/>
  <system-out>
    <![CDATA[1]]>
  </system-out>
</testsuite> <!-- TestNewGeneration.Demo3 -->
