<?xml version="1.0" encoding="UTF-8"?>
<!-- Generated by org.testng.reporters.JUnitReportReporter -->
<testsuite hostname="DESKTOP-SR6VTH5" failures="0" tests="1" name="Practice.PropertyFile1" time="0.014" errors="0" timestamp="2021-10-19T21:24:30 IST" skipped="0">
  <testcase classname="Practice.PropertyFile1" name="get" time="0.014"/>
  <system-out/>
</testsuite> <!-- Practice.PropertyFile1 -->
