<?xml version="1.0" encoding="UTF-8"?>
<!-- Generated by org.testng.reporters.JUnitReportReporter -->
<testsuite hostname="DESKTOP-SR6VTH5" failures="0" tests="2" name="Sln.TestNG1" time="0.014" errors="0" timestamp="2021-09-20T14:02:22 IST" skipped="0">
  <testcase classname="Sln.TestNG1" name="Test1" time="0.011"/>
  <system-out>
    <![CDATA[1]]>
  </system-out>
  <testcase classname="Sln.TestNG1" name="test2" time="0.003"/>
  <system-out>
    <![CDATA[2]]>
  </system-out>
</testsuite> <!-- Sln.TestNG1 -->
