<?xml version="1.0" encoding="UTF-8"?>
<!-- Generated by org.testng.reporters.JUnitReportReporter -->
<testsuite hostname="DESKTOP-SR6VTH5" failures="0" tests="3" name="Sln.TestNG2" time="0.014" errors="0" timestamp="2021-09-20T14:14:05 IST" skipped="0">
  <testcase classname="Sln.TestNG2" name="Test3" time="0.011"/>
  <system-out>
    <![CDATA[true]]>
  </system-out>
  <testcase classname="Sln.TestNG2" name="Test1" time="0.002"/>
  <system-out>
    <![CDATA[1]]>
  </system-out>
  <testcase classname="Sln.TestNG2" name="Test2" time="0.001"/>
  <system-out>
    <![CDATA[2]]>
  </system-out>
</testsuite> <!-- Sln.TestNG2 -->
